p/1635060166271.jpg 1 0 0 20 27
p/1635060159976.jpg 1 0 0 16 21
p/1635060128600.jpg 1 0 0 30 40
p/1635060125560.jpg 1 0 0 33 43
p/1635060110343.jpg 1 0 0 14 18
p/1635060082345.jpg 1 0 0 17 23
p/1635060066168.jpg 1 0 0 17 23
p/1635060060447.jpg 1 0 0 20 27
p/1635060046848.jpg 1 0 0 19 26
p/1635060038856.jpg 1 0 0 26 35
p/1635060019280.jpg 1 0 0 23 31
p/1635059949840.jpg 1 0 0 24 32
p/1635059938401.jpg 1 0 0 19 25
p/1635059929745.jpg 1 0 0 28 38
p/1635059922160.jpg 1 0 0 26 35
p/1635059917529.jpg 1 0 0 17 22
p/1635059910184.jpg 1 0 0 18 25
p/1635059898673.jpg 1 0 0 25 34
p/1635059895489.jpg 1 0 0 31 41
p/1635059889816.jpg 1 0 0 21 29
p/1635059882352.jpg 1 0 0 21 29
p/1635059877200.jpg 1 0 0 21 29
p/1635059872800.jpg 1 0 0 29 38
p/1635059005384.jpg 1 0 0 23 30
p/1635058998633.jpg 1 0 0 27 36
p/1635058994000.jpg 1 0 0 26 34
p/1635058963217.jpg 1 0 0 29 38
p/1635058958616.jpg 1 0 0 26 34
p/1635058953297.jpg 1 0 0 27 35
p/1635058940872.jpg 1 0 0 17 22
p/1635058927649.jpg 1 0 0 20 27
p/1635058910849.jpg 1 0 0 31 41
p/1635058901513.jpg 1 0 0 31 42
p/1635058897432.jpg 1 0 0 24 32
p/1635058875680.jpg 1 0 0 25 33
p/1635058861233.jpg 1 0 0 26 35
p/1635058789552.jpg 1 0 0 26 35
p/1635058781216.jpg 1 0 0 36 48
p/1635058771897.jpg 1 0 0 29 39
p/1635058647417.jpg 1 0 0 29 38
p/1635058639537.jpg 1 0 0 34 46
p/1635058631850.jpg 1 0 0 32 43
p/1635058617409.jpg 1 0 0 32 42
p/1635058610897.jpg 1 0 0 33 43
p/1635058602674.jpg 1 0 0 26 35
p/1635058596273.jpg 1 0 0 25 33
p/1635058591810.jpg 1 0 0 20 27
p/1635058585073.jpg 1 0 0 22 29
p/1635058580937.jpg 1 0 0 22 29
p/1635058565856.jpg 1 0 0 32 43
p/1635058409937.jpg 1 0 0 32 43
p/1635058399418.jpg 1 0 0 30 40
p/1635058278274.jpg 1 0 0 29 38
p/1635058265706.jpg 1 0 0 55 73
p/1635058247841.jpg 1 0 0 32 42
p/1635058234497.jpg 1 0 0 27 36
p/1635058227466.jpg 1 0 0 29 38
p/1635058220912.jpg 1 0 0 31 41
p/1635058191946.jpg 1 0 0 34 45
p/1635058187889.jpg 1 0 0 37 49
p/1635058175033.jpg 1 0 0 32 43
p/1635058166521.jpg 1 0 0 27 36
p/1635058160752.jpg 1 0 0 26 34
p/1635058154546.jpg 1 0 0 19 25
p/1635058148888.jpg 1 0 0 22 29
p/1635058137033.jpg 1 0 0 26 35
p/1635058111432.jpg 1 0 0 32 42
p/1635058102689.jpg 1 0 0 34 46
p/1635058094409.jpg 1 0 0 26 34
p/1635058089946.jpg 1 0 0 27 36
p/1635058067393.jpg 1 0 0 37 49
p/1635058058416.jpg 1 0 0 25 33
p/1635058038017.jpg 1 0 0 27 36
p/1635058026578.jpg 1 0 0 36 48
p/1635058014282.jpg 1 0 0 35 47
p/1635058009585.jpg 1 0 0 31 42
p/1635058003617.jpg 1 0 0 30 40
p/1635057852962.jpg 1 0 0 16 21
p/1635057845569.jpg 1 0 0 23 30
p/1635057835480.jpg 1 0 0 19 26
p/1635057818200.jpg 1 0 0 19 25
p/1635057811402.jpg 1 0 0 18 24
p/1635057800463.jpg 1 0 0 23 31
p/1635057605354.jpg 1 0 0 28 37
p/1635057594433.jpg 1 0 0 37 49
p/1635057577529.jpg 1 0 0 28 37
p/1635057563041.jpg 1 0 0 40 53
p/1635057558849.jpg 1 0 0 30 40
p/1635057542826.jpg 1 0 0 31 41
p/1635057538290.jpg 1 0 0 29 39
p/1635057530162.jpg 1 0 0 21 27
p/1635057524457.jpg 1 0 0 22 30
p/1635057516560.jpg 1 0 0 29 39
p/1635057424338.jpg 1 0 0 23 30
p/1635057280961.jpg 1 0 0 19 25
p/1635057275361.jpg 1 0 0 20 27
p/1635057256945.jpg 1 0 0 29 39
p/1635057154586.jpg 1 0 0 34 45
p/1635057135241.jpg 1 0 0 22 29
p/1635057127791.jpg 1 0 0 25 33
p/1635056704953.jpg 1 0 0 30 40
p/1635056690938.jpg 1 0 0 29 39
p/1635056678018.jpg 1 0 0 18 23
p/1635056651018.jpg 1 0 0 26 35
p/1635056638449.jpg 1 0 0 34 46
p/1635056626282.jpg 1 0 0 21 28
p/1635056588650.jpg 1 0 0 23 31
p/1635056552873.jpg 1 0 0 22 30
p/1635056516361.jpg 1 0 0 35 47
p/1635056507386.jpg 1 0 0 23 30
p/1635056494225.jpg 1 0 0 27 36
p/1635056487777.jpg 1 0 0 30 40
p/1635056321360.jpg 1 0 0 39 52
p/1635056311986.jpg 1 0 0 33 44
p/1635056300402.jpg 1 0 0 27 36
p/1635056290025.jpg 1 0 0 26 34
p/1635056230354.jpg 1 0 0 33 44
p/1635056212721.jpg 1 0 0 36 48
p/1635056195225.jpg 1 0 0 28 37
p/1635056190682.jpg 1 0 0 26 34
p/1635056151971.jpg 1 0 0 27 36
p/1635056140633.jpg 1 0 0 30 40
p/1635056133801.jpg 1 0 0 32 42
p/1635056128434.jpg 1 0 0 29 39
p/1635056123946.jpg 1 0 0 23 31
p/1635056107626.jpg 1 0 0 36 48
p/1635056096690.jpg 1 0 0 25 33
p/1635056092291.jpg 1 0 0 26 35
p/1635056070665.jpg 1 0 0 25 33
p/1635056047106.jpg 1 0 0 33 45
p/1635056038266.jpg 1 0 0 21 28
p/1635056030226.jpg 1 0 0 23 30
p/1635056016130.jpg 1 0 0 21 29
p/1635056006010.jpg 1 0 0 21 28
p/1635055995465.jpg 1 0 0 31 41
p/1635055986138.jpg 1 0 0 27 36
p/1635055972115.jpg 1 0 0 26 35
p/1635055932498.jpg 1 0 0 22 30
p/1635055914762.jpg 1 0 0 27 35
p/1635055903499.jpg 1 0 0 24 32
p/1635055890641.jpg 1 0 0 23 31
p/1635055885472.jpg 1 0 0 27 36
p/1635055876057.jpg 1 0 0 20 26
p/1635055865706.jpg 1 0 0 39 52
p/1635055631051.jpg 1 0 0 18 24
p/1635055626035.jpg 1 0 0 17 22
p/1635055621571.jpg 1 0 0 17 22
p/1635055618425.jpg 1 0 0 15 21
p/1635055598699.jpg 1 0 0 22 30
p/1635055592651.jpg 1 0 0 21 29
p/1635055580163.jpg 1 0 0 22 30
p/1635055572098.jpg 1 0 0 26 35
p/1635055555419.jpg 1 0 0 18 24
p/1635055550818.jpg 1 0 0 16 22
p/1635055542586.jpg 1 0 0 19 26
p/1635055527723.jpg 1 0 0 22 30
p/1635055520777.jpg 1 0 0 18 24
p/1635055506995.jpg 1 0 0 32 43
p/1635055488754.jpg 1 0 0 29 39
p/1635055470819.jpg 1 0 0 26 35
p/1635055454235.jpg 1 0 0 41 54
p/1635055449571.jpg 1 0 0 49 65
p/1635055438018.jpg 1 0 0 27 36
p/1635055111217.jpg 1 0 0 21 28
p/1635055079043.jpg 1 0 0 29 39
p/1635055075331.jpg 1 0 0 29 38
p/1635055070266.jpg 1 0 0 24 32
p/1635055065594.jpg 1 0 0 24 32
p/1635055055666.jpg 1 0 0 38 51
p/1635055047706.jpg 1 0 0 26 34
p/1635055043089.jpg 1 0 0 23 31
p/1635055027306.jpg 1 0 0 27 36
p/1635055016875.jpg 1 0 0 25 34
p/1635055002562.jpg 1 0 0 20 26
p/1635054989595.jpg 1 0 0 13 17
p/1635054973738.jpg 1 0 0 22 30
p/1635054960210.jpg 1 0 0 27 36
p/1635054932019.jpg 1 0 0 26 35
p/1635054919753.jpg 1 0 0 30 40
p/1635054905531.jpg 1 0 0 37 49
p/1635054821827.jpg 1 0 0 43 57
p/1635054813651.jpg 1 0 0 35 46
p/1635054806490.jpg 1 0 0 31 41
p/1635054798554.jpg 1 0 0 28 37
p/1635054782121.jpg 1 0 0 22 29
p/1635054761274.jpg 1 0 0 17 23
p/1635054752650.jpg 1 0 0 22 30
p/1635054742257.jpg 1 0 0 25 33
p/1635054734571.jpg 1 0 0 26 35
p/1635054714058.jpg 1 0 0 27 36
p/1635054708955.jpg 1 0 0 29 39
p/1635054675642.jpg 1 0 0 17 23
p/1635054663570.jpg 1 0 0 34 46
p/1635054647883.jpg 1 0 0 24 32
p/1635054561722.jpg 1 0 0 30 40
p/1635054554618.jpg 1 0 0 23 31
p/1635054540058.jpg 1 0 0 31 41
p/1635054535203.jpg 1 0 0 39 53
p/1635054508043.jpg 1 0 0 31 41
p/1635054502842.jpg 1 0 0 31 41
p/1635054371666.jpg 1 0 0 31 41
p/1635054365771.jpg 1 0 0 35 47
p/1635054357594.jpg 1 0 0 27 36
p/1635054325145.jpg 1 0 0 25 34
p/1635054319315.jpg 1 0 0 25 34
p/1635054311266.jpg 1 0 0 24 32
p/1635054305339.jpg 1 0 0 30 40
p/1635054296116.jpg 1 0 0 30 40
p/1635054229706.jpg 1 0 0 22 29
p/1635054224954.jpg 1 0 0 19 26
p/1635054206250.jpg 1 0 0 18 25
p/1635054182956.jpg 1 0 0 18 24
p/1635054176866.jpg 1 0 0 17 23
p/1635054171659.jpg 1 0 0 19 25
p/1635054165739.jpg 1 0 0 14 18
p/1635054155122.jpg 1 0 0 28 38
p/1635054150203.jpg 1 0 0 30 40
p/1635054048867.jpg 1 0 0 37 49
p/1635054025371.jpg 1 0 0 41 55
p/1635054002828.jpg 1 0 0 27 37
p/1635053948707.jpg 1 0 0 30 40
p/1635053932019.jpg 1 0 0 33 45
p/1635053924739.jpg 1 0 0 28 37
p/1635053900251.jpg 1 0 0 36 48
p/1635053868367.jpg 1 0 0 30 40
p/1635053853379.jpg 1 0 0 31 41
p/1635053840955.jpg 1 0 0 13 17
p/1635053819690.jpg 1 0 0 23 31
p/1635053811202.jpg 1 0 0 22 30
p/1635053791948.jpg 1 0 0 35 47
p/1635053785532.jpg 1 0 0 33 44
p/1635053776602.jpg 1 0 0 38 50
p/1635053765403.jpg 1 0 0 31 41
p/1635053755196.jpg 1 0 0 28 38
p/1635053749708.jpg 1 0 0 24 32
p/1635053710659.jpg 1 0 0 17 23
p/1635053702116.jpg 1 0 0 22 29
p/1635053664067.jpg 1 0 0 22 29
p/1635053657250.jpg 1 0 0 22 29
p/1635053628922.jpg 1 0 0 44 59
p/1635053608803.jpg 1 0 0 32 43
p/1635053603226.jpg 1 0 0 35 47
p/1635053593324.jpg 1 0 0 44 59
p/1635053568434.jpg 1 0 0 19 25
p/1635053502896.jpg 1 0 0 24 32
p/1635053462514.jpg 1 0 0 27 36
p/1635053452091.jpg 1 0 0 26 35
p/1635053446994.jpg 1 0 0 24 32
p/1635053438164.jpg 1 0 0 25 33
p/1635053433123.jpg 1 0 0 22 29
p/1635053421003.jpg 1 0 0 34 46
p/1635053252787.jpg 1 0 0 20 27
p/1635053226930.jpg 1 0 0 29 39
p/1635053209978.jpg 1 0 0 21 28
p/1635053172883.jpg 1 0 0 28 37
p/1635053163467.jpg 1 0 0 31 41
p/1635052986883.jpg 1 0 0 33 43
p/1635052975139.jpg 1 0 0 18 24
p/1635052957379.jpg 1 0 0 29 38
p/1635052707539.jpg 1 0 0 26 35
p/1635052699443.jpg 1 0 0 25 33
p/1635052668635.jpg 1 0 0 16 22
p/1635052662436.jpg 1 0 0 19 25
p/1635052657609.jpg 1 0 0 47 62
p/1635052654097.jpg 1 0 0 38 51
p/1635052651028.jpg 1 0 0 13 17
p/1635052648561.jpg 1 0 0 38 51
p/1635052641050.jpg 1 0 0 50 67
p/1635052638721.jpg 1 0 0 62 83
p/1635052635650.jpg 1 0 0 67 89
p/1635052633323.jpg 1 0 0 23 30
p/1635052632778.jpg 1 0 0 49 65
p/1635052629969.jpg 1 0 0 43 57
p/1635052627657.jpg 1 0 0 40 53
p/1635052624948.jpg 1 0 0 21 28
p/1635052624504.jpg 1 0 0 50 67
p/1635052617731.jpg 1 0 0 17 23
p/1635052615945.jpg 1 0 0 69 93
p/1635052612281.jpg 1 0 0 71 94
p/1635052604289.jpg 1 0 0 50 67
p/1635052598104.jpg 1 0 0 62 83
p/1635052597179.jpg 1 0 0 24 32
p/1635052582036.jpg 1 0 0 24 32
p/1635052559683.jpg 1 0 0 34 46
p/1635052536793.jpg 1 0 0 36 48
p/1635052533658.jpg 1 0 0 40 53
p/1635052529916.jpg 1 0 0 9 12
p/1635052526472.jpg 1 0 0 45 61
p/1635052522993.jpg 1 0 0 51 69
p/1635052518225.jpg 1 0 0 61 81
p/1635052515297.jpg 1 0 0 62 83
p/1635052511016.jpg 1 0 0 37 49
p/1635052506817.jpg 1 0 0 54 72
p/1635052504956.jpg 1 0 0 12 17
p/1635052504305.jpg 1 0 0 44 59
p/1635052501546.jpg 1 0 0 43 57
p/1635052498817.jpg 1 0 0 51 69
p/1635052496001.jpg 1 0 0 62 83
p/1635052492842.jpg 1 0 0 61 81
p/1635052460256.jpg 1 0 0 43 57
p/1635052456825.jpg 1 0 0 48 64
p/1635052453442.jpg 1 0 0 55 73
p/1635052450026.jpg 1 0 0 49 65
p/1635052447016.jpg 1 0 0 44 59
p/1635052441945.jpg 1 0 0 47 62
p/1635052438490.jpg 1 0 0 51 69
p/1635052433801.jpg 1 0 0 32 43
p/1635052428771.jpg 1 0 0 20 27
p/1635052426457.jpg 1 0 0 53 70
p/1635052420026.jpg 1 0 0 72 96
p/1635052416420.jpg 1 0 0 27 36
p/1635052415649.jpg 1 0 0 66 88
p/1635052413137.jpg 1 0 0 38 51
p/1635052409802.jpg 1 0 0 62 83
p/1635052406644.jpg 1 0 0 36 48
p/1635052405881.jpg 1 0 0 56 75
p/1635052403185.jpg 1 0 0 45 61
p/1635052399929.jpg 1 0 0 42 56
p/1635052391313.jpg 1 0 0 54 72
p/1635052387192.jpg 1 0 0 67 89
p/1635052382834.jpg 1 0 0 44 59
p/1635052379305.jpg 1 0 0 47 62
p/1635052375785.jpg 1 0 0 56 75
p/1635052372689.jpg 1 0 0 59 78
p/1635052369625.jpg 1 0 0 37 49
p/1635052365369.jpg 1 0 0 40 53
p/1635052361640.jpg 1 0 0 37 49
p/1635052355281.jpg 1 0 0 45 61
p/1635052346513.jpg 1 0 0 60 80
p/1635052345035.jpg 1 0 0 15 20
p/1635052342697.jpg 1 0 0 40 53
p/1635052340138.jpg 1 0 0 54 72
p/1635052328754.jpg 1 0 0 56 75
p/1635052327052.jpg 1 0 0 29 39
p/1635052324937.jpg 1 0 0 68 91
p/1635052320121.jpg 1 0 0 59 78
p/1635052316802.jpg 1 0 0 50 67
p/1635052313097.jpg 1 0 0 54 72
p/1635052312717.jpg 1 0 0 37 49
p/1635052310081.jpg 1 0 0 51 69
p/1635052306697.jpg 1 0 0 42 56
p/1635052303250.jpg 1 0 0 35 46
p/1635052295311.jpg 1 0 0 21 28
p/1635052293370.jpg 1 0 0 45 61
p/1635052289481.jpg 1 0 0 43 57
p/1635052285704.jpg 1 0 0 44 59
p/1635052281809.jpg 1 0 0 48 64
p/1635052278713.jpg 1 0 0 48 64
p/1635052275235.jpg 1 0 0 72 96
p/1635052274932.jpg 1 0 0 20 27
p/1635052264289.jpg 1 0 0 71 94
p/1635052262495.jpg 1 0 0 19 26
p/1635052258650.jpg 1 0 0 49 65
p/1635052255057.jpg 1 0 0 43 57
p/1635052247553.jpg 1 0 0 43 57
p/1635052244640.jpg 1 0 0 40 53
p/1635052231777.jpg 1 0 0 37 49
p/1635052226977.jpg 1 0 0 54 72
p/1635052215852.jpg 1 0 0 20 26
p/1635052215137.jpg 1 0 0 44 59
p/1635052211745.jpg 1 0 0 69 93
p/1635052207817.jpg 1 0 0 62 83
p/1635052203138.jpg 1 0 0 42 56
p/1635052192905.jpg 1 0 0 56 75
p/1635052178341.jpg 1 0 0 31 41
p/1635052148139.jpg 1 0 0 31 41
p/1635052137948.jpg 1 0 0 38 51
p/1635052131363.jpg 1 0 0 42 56
p/1635052101596.jpg 1 0 0 21 28
p/1635052092195.jpg 1 0 0 29 39
p/1635052082644.jpg 1 0 0 24 32
p/1635052063723.jpg 1 0 0 23 31
p/1635052058044.jpg 1 0 0 21 28
p/1635052038748.jpg 1 0 0 30 40
p/1635052029052.jpg 1 0 0 27 36
p/1635052011508.jpg 1 0 0 23 31
p/1635051969885.jpg 1 0 0 16 21
p/1635051939020.jpg 1 0 0 28 37
p/1635051913555.jpg 1 0 0 30 40
p/1635051840125.jpg 1 0 0 33 44
p/1635051812332.jpg 1 0 0 33 44
p/1635051753116.jpg 1 0 0 43 57
p/1635042618630.jpg 1 0 0 65 86
p/1635042615959.jpg 1 0 0 47 62
p/1635042613254.jpg 1 0 0 51 69
p/1635042566807.jpg 1 0 0 50 67
p/1635042563663.jpg 1 0 0 75 101
p/1635042559054.jpg 1 0 0 48 64
p/1635042556207.jpg 1 0 0 49 65
p/1635042553887.jpg 1 0 0 41 54
p/1635042547007.jpg 1 0 0 50 67
p/1635042544150.jpg 1 0 0 45 61
p/1635042539870.jpg 1 0 0 84 112
p/1635042536430.jpg 1 0 0 49 65
p/1635042533255.jpg 1 0 0 43 57
p/1635042530478.jpg 1 0 0 53 70
p/1635042526310.jpg 1 0 0 63 85
p/1635042523846.jpg 1 0 0 43 57
p/1635042511358.jpg 1 0 0 43 57
p/1635042507743.jpg 1 0 0 38 51
p/1635042504199.jpg 1 0 0 48 64
p/1635042447366.jpg 1 0 0 59 78
p/1635042443894.jpg 1 0 0 57 77
p/1635042435166.jpg 1 0 0 79 105
p/1635042431967.jpg 1 0 0 85 113
p/1635042426336.jpg 1 0 0 65 86
p/1635042421935.jpg 1 0 0 62 83
p/1635042412102.jpg 1 0 0 51 69
p/1635042404167.jpg 1 0 0 67 89
p/1635042380951.jpg 1 0 0 44 59
p/1635042377710.jpg 1 0 0 42 56
p/1635042370743.jpg 1 0 0 61 81
p/1635042365871.jpg 1 0 0 71 94
p/1635042362039.jpg 1 0 0 61 81
p/1635042359015.jpg 1 0 0 53 70
p/1635042355839.jpg 1 0 0 65 86
p/1635042352079.jpg 1 0 0 57 77
p/1635042348823.jpg 1 0 0 54 72
p/1635042345558.jpg 1 0 0 51 69
p/1635042341718.jpg 1 0 0 57 77
p/1635042336815.jpg 1 0 0 56 75
p/1635042334471.jpg 1 0 0 66 88
p/1635042330750.jpg 1 0 0 47 62
p/1635042316671.jpg 1 0 0 63 85
p/1635042291119.jpg 1 0 0 54 72
p/1635042287791.jpg 1 0 0 42 56
p/1635042282464.jpg 1 0 0 45 61
p/1635042277398.jpg 1 0 0 51 69
p/1635042274142.jpg 1 0 0 54 72
p/1635042269390.jpg 1 0 0 48 64
p/1635042261542.jpg 1 0 0 65 86
p/1635042258111.jpg 1 0 0 67 89
p/1635042250375.jpg 1 0 0 69 93
p/1635042243303.jpg 1 0 0 48 64
p/1635042240296.jpg 1 0 0 49 65
p/1635042236614.jpg 1 0 0 45 61
p/1635042233558.jpg 1 0 0 42 56
p/1635042215902.jpg 1 0 0 79 105
p/1635042211734.jpg 1 0 0 53 70
p/1635042208662.jpg 1 0 0 53 70
p/1635042204559.jpg 1 0 0 71 94
p/1635042200711.jpg 1 0 0 67 89
p/1635042197367.jpg 1 0 0 53 70
p/1635042185927.jpg 1 0 0 83 110
p/1635042182327.jpg 1 0 0 67 89
p/1635042177703.jpg 1 0 0 53 70
p/1635042174807.jpg 1 0 0 57 77
p/1635042171911.jpg 1 0 0 50 67
p/1635042168615.jpg 1 0 0 72 96
p/1635042164702.jpg 1 0 0 61 81
p/1635042158911.jpg 1 0 0 31 41
p/1635042155303.jpg 1 0 0 41 54
p/1635042150014.jpg 1 0 0 41 54
p/1635042145439.jpg 1 0 0 44 59
p/1635042142503.jpg 1 0 0 51 69
p/1635042139560.jpg 1 0 0 62 83
p/1635042116902.jpg 1 0 0 35 46
p/1635042107663.jpg 1 0 0 77 102
p/1635042095479.jpg 1 0 0 66 88
p/1635042091191.jpg 1 0 0 44 59
p/1635042087959.jpg 1 0 0 41 54
p/1635042084230.jpg 1 0 0 44 59
p/1635042080054.jpg 1 0 0 43 57
p/1635042074719.jpg 1 0 0 53 70
p/1635042066135.jpg 1 0 0 59 78
p/1635042059662.jpg 1 0 0 41 54
p/1635042046879.jpg 1 0 0 35 46
p/1635042035511.jpg 1 0 0 60 80
p/1635042032719.jpg 1 0 0 45 61
p/1635042027303.jpg 1 0 0 44 59
p/1635042023728.jpg 1 0 0 41 54
p/1635042019879.jpg 1 0 0 53 70
p/1635042016119.jpg 1 0 0 45 61
p/1635042009927.jpg 1 0 0 43 57
p/1635042005288.jpg 1 0 0 56 75
p/1635042001110.jpg 1 0 0 59 78
p/1635041997558.jpg 1 0 0 60 80
p/1635041994686.jpg 1 0 0 68 91
p/1635041988799.jpg 1 0 0 38 51
p/1635041985455.jpg 1 0 0 45 61
p/1635041975279.jpg 1 0 0 40 53
p/1635041971639.jpg 1 0 0 38 51
p/1635041967375.jpg 1 0 0 47 62
p/1635041962831.jpg 1 0 0 77 102
p/1635041960103.jpg 1 0 0 53 70
p/1635041956880.jpg 1 0 0 54 72
p/1635041954319.jpg 1 0 0 50 67
p/1635041951455.jpg 1 0 0 63 85
p/1635041948806.jpg 1 0 0 69 93
p/1635041945519.jpg 1 0 0 65 86
p/1635041941896.jpg 1 0 0 51 69
p/1635041920287.jpg 1 0 0 51 69
p/1635041917207.jpg 1 0 0 40 53
p/1635041913799.jpg 1 0 0 42 56
p/1635041910967.jpg 1 0 0 40 53
p/1635041906919.jpg 1 0 0 43 57
p/1635041903703.jpg 1 0 0 53 70
p/1635041900463.jpg 1 0 0 51 69
p/1635041894302.jpg 1 0 0 54 72
p/1635041890934.jpg 1 0 0 72 96
p/1635041887264.jpg 1 0 0 68 91
p/1635041866551.jpg 1 0 0 65 86
p/1635041855439.jpg 1 0 0 63 85
p/1635041851439.jpg 1 0 0 63 85
p/1635041842496.jpg 1 0 0 63 85
p/1635041837943.jpg 1 0 0 49 65
p/1635041832487.jpg 1 0 0 54 72
p/1635041816983.jpg 1 0 0 43 57
p/1635041812471.jpg 1 0 0 48 64
p/1635041808583.jpg 1 0 0 54 72
p/1635041804935.jpg 1 0 0 57 77
p/1635041791415.jpg 1 0 0 81 109
p/1635041786966.jpg 1 0 0 54 72
p/1635041782071.jpg 1 0 0 51 69
p/1635041778519.jpg 1 0 0 56 75
p/1635041772335.jpg 1 0 0 40 53
p/1635041769151.jpg 1 0 0 37 49
p/1635041765799.jpg 1 0 0 53 70
p/1635041760609.jpg 1 0 0 65 86
p/1635041753574.jpg 1 0 0 75 101
p/1635041748311.jpg 1 0 0 48 64
p/1635041742559.jpg 1 0 0 79 105
p/1635041738831.jpg 1 0 0 66 88
p/1635041734655.jpg 1 0 0 56 75
p/1635041730175.jpg 1 0 0 68 91
p/1635041725487.jpg 1 0 0 63 85
p/1635041721183.jpg 1 0 0 69 93
p/1635041709158.jpg 1 0 0 40 53
p/1635041706103.jpg 1 0 0 42 56
p/1635041701984.jpg 1 0 0 63 85
p/1635041698679.jpg 1 0 0 47 62
p/1635041695095.jpg 1 0 0 34 45
p/1635041675287.jpg 1 0 0 49 65
p/1635041667519.jpg 1 0 0 32 43
p/1635041662208.jpg 1 0 0 45 61
p/1635041626991.jpg 1 0 0 63 85
p/1635041623919.jpg 1 0 0 57 77
p/1635041620519.jpg 1 0 0 55 73
p/1635041614559.jpg 1 0 0 50 67
p/1635041610495.jpg 1 0 0 45 61
p/1635041606815.jpg 1 0 0 51 69
p/1635041579094.jpg 1 0 0 60 80
p/1635041574416.jpg 1 0 0 40 53
p/1635041550247.jpg 1 0 0 53 70
p/1635041545280.jpg 1 0 0 57 77
p/1635041539120.jpg 1 0 0 32 43
p/1635041530487.jpg 1 0 0 50 67
p/1635041517295.jpg 1 0 0 54 72
p/1635041513614.jpg 1 0 0 68 91
p/1635041508303.jpg 1 0 0 47 62
p/1635041500191.jpg 1 0 0 54 72
p/1635041495543.jpg 1 0 0 51 69
p/1635041488920.jpg 1 0 0 40 53
p/1635041477799.jpg 1 0 0 37 49
p/1635041458168.jpg 1 0 0 81 109
p/1635041451145.jpg 1 0 0 79 105
p/1635041441703.jpg 1 0 0 51 69
p/1635041435263.jpg 1 0 0 62 83
p/1635041415999.jpg 1 0 0 44 59
p/1635041393671.jpg 1 0 0 68 91
p/1635041384342.jpg 1 0 0 48 64
p/1635041380031.jpg 1 0 0 54 72
p/1635041368591.jpg 1 0 0 53 70
p/1635041364520.jpg 1 0 0 48 64
p/1635041356479.jpg 1 0 0 38 51
p/1635041349751.jpg 1 0 0 80 107
p/1635041327655.jpg 1 0 0 72 96
p/1635041165782.jpg 1 0 0 68 91
p/1635041158991.jpg 1 0 0 81 109
p/1635041153735.jpg 1 0 0 48 64
p/1635041138015.jpg 1 0 0 75 101
p/1635041122615.jpg 1 0 0 56 75
p/1635041117223.jpg 1 0 0 42 56
p/1635041111567.jpg 1 0 0 60 80
p/1635041106783.jpg 1 0 0 45 61
p/1635041100776.jpg 1 0 0 34 45
p/1635041042039.jpg 1 0 0 42 56
p/1635041036008.jpg 1 0 0 66 88
p/1635041030247.jpg 1 0 0 40 53
p/1635041025231.jpg 1 0 0 81 109
p/1635040849343.jpg 1 0 0 66 88
p/1635040844047.jpg 1 0 0 50 67
p/1635040836079.jpg 1 0 0 45 61
p/1635040822143.jpg 1 0 0 48 64
p/1635040761592.jpg 1 0 0 49 65
p/1635040754856.jpg 1 0 0 66 88
p/1635040750175.jpg 1 0 0 48 64
p/1635040733087.jpg 1 0 0 75 101
p/1635040726367.jpg 1 0 0 69 93
p/1635040718527.jpg 1 0 0 45 61
p/1635040709130.jpg 1 0 0 53 70
p/1635040679903.jpg 1 0 0 51 69
p/1635040639215.jpg 1 0 0 60 80
p/1635040629657.jpg 1 0 0 105 140
p/1635040607958.jpg 1 0 0 49 65
p/1635040585375.jpg 1 0 0 44 59
p/1635040580671.jpg 1 0 0 49 65
p/1635040546439.jpg 1 0 0 44 59
p/1635040433720.jpg 1 0 0 62 83
p/1635040393480.jpg 1 0 0 49 65
p/1635008069644.jpg 1 0 0 41 55
p/1635008060372.jpg 1 0 0 63 85
p/1635008055936.jpg 1 0 0 94 126
p/1635008049782.jpg 1 0 0 74 98
p/1635008045765.jpg 1 0 0 60 80
p/1635008032534.jpg 1 0 0 65 87
p/1635008028197.jpg 1 0 0 81 107
p/1635008024055.jpg 1 0 0 46 62
p/1635008013465.jpg 1 0 0 51 69
p/1635008008908.jpg 1 0 0 58 78
p/1635008005572.jpg 1 0 0 63 85
p/1635008001765.jpg 1 0 0 67 89
p/1635007998021.jpg 1 0 0 48 64
p/1635007994034.jpg 1 0 0 55 73
p/1635007990573.jpg 1 0 0 50 66
p/1635007986758.jpg 1 0 0 51 69
p/1635007981518.jpg 1 0 0 55 73
p/1635007977760.jpg 1 0 0 82 110
p/1635007973891.jpg 1 0 0 75 101
p/1635007970475.jpg 1 0 0 51 69
p/1635007967713.jpg 1 0 0 57 75
p/1635007964636.jpg 1 0 0 50 66
p/1635007961796.jpg 1 0 0 39 53
p/1635007958603.jpg 1 0 0 58 78
p/1635007953801.jpg 1 0 0 46 62
p/1635007950645.jpg 1 0 0 63 85
p/1635007947323.jpg 1 0 0 81 107
p/1635007927963.jpg 1 0 0 69 91
p/1635007922538.jpg 1 0 0 58 78
p/1635007910810.jpg 1 0 0 79 105
p/1635007902098.jpg 1 0 0 51 69
p/1635007894917.jpg 1 0 0 91 121
p/1635007888294.jpg 1 0 0 69 91
p/1635007884377.jpg 1 0 0 58 78
p/1635007878071.jpg 1 0 0 46 62
p/1635007874853.jpg 1 0 0 39 53
p/1635007869272.jpg 1 0 0 62 82
p/1635007859476.jpg 1 0 0 58 78
p/1635007850355.jpg 1 0 0 81 107
p/1635007844407.jpg 1 0 0 45 59
p/1635007839438.jpg 1 0 0 60 80
p/1635007827190.jpg 1 0 0 50 66
p/1635007813596.jpg 1 0 0 65 87
p/1635007807547.jpg 1 0 0 74 98
p/1635007801519.jpg 1 0 0 45 59
p/1635007793499.jpg 1 0 0 72 96
p/1635007787563.jpg 1 0 0 89 119
p/1635007783615.jpg 1 0 0 98 130
p/1635007774629.jpg 1 0 0 57 75
p/1635007770498.jpg 1 0 0 60 80
p/1635007767249.jpg 1 0 0 46 62
p/1635007764189.jpg 1 0 0 38 50
p/1635007760849.jpg 1 0 0 62 82
p/1635007757765.jpg 1 0 0 62 82
p/1635007754309.jpg 1 0 0 58 78
p/1635007750589.jpg 1 0 0 45 59
p/1635007747779.jpg 1 0 0 38 50
p/1635007744796.jpg 1 0 0 45 59
p/1635007741767.jpg 1 0 0 48 64
p/1635007735326.jpg 1 0 0 50 66
p/1635007732203.jpg 1 0 0 48 64
p/1635007728799.jpg 1 0 0 58 78
p/1635007725037.jpg 1 0 0 63 85
p/1635007721868.jpg 1 0 0 75 101
p/1635007718929.jpg 1 0 0 69 91
p/1635007714106.jpg 1 0 0 67 89
p/1635007710331.jpg 1 0 0 51 69
p/1635007707457.jpg 1 0 0 62 82
p/1635007704825.jpg 1 0 0 50 66
p/1635007702046.jpg 1 0 0 94 126
p/1635007694610.jpg 1 0 0 58 78
p/1635007691343.jpg 1 0 0 51 69
p/1635007688226.jpg 1 0 0 48 64
p/1635007684976.jpg 1 0 0 38 50
p/1635007681434.jpg 1 0 0 48 64
p/1635007678829.jpg 1 0 0 41 55
p/1635007675581.jpg 1 0 0 43 57
p/1635007671467.jpg 1 0 0 45 59
p/1635007668499.jpg 1 0 0 50 66
p/1635007660592.jpg 1 0 0 67 89
p/1635007656871.jpg 1 0 0 72 96
p/1635007653327.jpg 1 0 0 101 135
p/1635007650454.jpg 1 0 0 122 162
p/1635007644084.jpg 1 0 0 84 112
p/1635007639354.jpg 1 0 0 82 110
p/1635007629008.jpg 1 0 0 89 119
p/1635007625446.jpg 1 0 0 69 91
p/1635007618063.jpg 1 0 0 58 78
p/1635007614984.jpg 1 0 0 62 82
p/1635007606659.jpg 1 0 0 60 80
p/1635007596712.jpg 1 0 0 53 71
p/1635007593570.jpg 1 0 0 63 85
p/1635007589798.jpg 1 0 0 72 96
p/1635007587180.jpg 1 0 0 82 110
p/1635007583791.jpg 1 0 0 45 59
p/1635007580103.jpg 1 0 0 38 50
p/1635007576959.jpg 1 0 0 65 87
p/1635007574083.jpg 1 0 0 67 89
p/1635007568404.jpg 1 0 0 74 98
p/1635007565729.jpg 1 0 0 86 114
p/1635007540384.jpg 1 0 0 110 146
p/1635007502251.jpg 1 0 0 50 66
p/1635007478936.jpg 1 0 0 77 103
p/1635007468496.jpg 1 0 0 77 103
p/1635007430786.jpg 1 0 0 53 71
p/1635007427232.jpg 1 0 0 72 96
p/1635007423955.jpg 1 0 0 63 85
p/1635007379730.jpg 1 0 0 67 89
p/1635007371950.jpg 1 0 0 53 71
p/1635007369036.jpg 1 0 0 55 73
p/1635007366305.jpg 1 0 0 51 69
p/1635007363776.jpg 1 0 0 63 85
p/1635007360588.jpg 1 0 0 62 82
p/1635007357835.jpg 1 0 0 60 80
p/1635007354494.jpg 1 0 0 51 69
p/1635007343520.jpg 1 0 0 108 144
p/1635007340044.jpg 1 0 0 94 126
p/1635007335979.jpg 1 0 0 67 89
p/1635007310769.jpg 1 0 0 48 64
p/1635007294798.jpg 1 0 0 36 48
p/1635007288054.jpg 1 0 0 41 55
p/1635007281995.jpg 1 0 0 48 64
p/1635007276896.jpg 1 0 0 58 78
p/1635007258656.jpg 1 0 0 58 78
p/1635007239392.jpg 1 0 0 69 91
p/1635007232089.jpg 1 0 0 60 80
p/1635007228987.jpg 1 0 0 53 71
p/1635007224657.jpg 1 0 0 55 73
p/1635007207936.jpg 1 0 0 67 89
p/1635007204142.jpg 1 0 0 77 103
p/1635007200041.jpg 1 0 0 67 89
p/1635007194690.jpg 1 0 0 99 133
p/1635007176352.jpg 1 0 0 120 160
p/1635007170901.jpg 1 0 0 69 91
p/1635007167503.jpg 1 0 0 63 85
p/1635007164645.jpg 1 0 0 48 64
p/1635007152508.jpg 1 0 0 70 94
p/1635007148009.jpg 1 0 0 50 66
p/1635007144935.jpg 1 0 0 48 64
p/1635007090348.jpg 1 0 0 77 103
p/1635007082801.jpg 1 0 0 72 96
p/1635007077697.jpg 1 0 0 50 66
p/1635007072149.jpg 1 0 0 34 46
p/1635007066629.jpg 1 0 0 34 46
p/1635007062814.jpg 1 0 0 51 69
p/1635007058713.jpg 1 0 0 65 87
p/1635007055155.jpg 1 0 0 50 66
p/1635007051907.jpg 1 0 0 53 71
p/1635007047686.jpg 1 0 0 43 57
p/1635007040866.jpg 1 0 0 86 114
p/1635007033466.jpg 1 0 0 81 107
p/1635007029213.jpg 1 0 0 46 62
p/1635007024712.jpg 1 0 0 46 62
p/1635007016043.jpg 1 0 0 41 55
p/1635007005158.jpg 1 0 0 58 78
p/1635007000160.jpg 1 0 0 51 69
p/1635006996762.jpg 1 0 0 103 137
p/1635006898180.jpg 1 0 0 79 105
p/1635006890585.jpg 1 0 0 53 71
p/1635006887590.jpg 1 0 0 55 73
p/1635006878322.jpg 1 0 0 53 71
p/1635006873945.jpg 1 0 0 63 85
p/1635006870145.jpg 1 0 0 70 94
p/1635006866811.jpg 1 0 0 101 135
p/1635006863188.jpg 1 0 0 62 82
p/1635006859811.jpg 1 0 0 82 110
p/1635006852245.jpg 1 0 0 51 69
p/1635006848865.jpg 1 0 0 58 78
p/1635006826615.jpg 1 0 0 51 69
p/1635006823294.jpg 1 0 0 46 62
p/1635006819969.jpg 1 0 0 48 64
p/1635006775175.jpg 1 0 0 65 87
p/1635006769780.jpg 1 0 0 57 75
p/1635006741976.jpg 1 0 0 48 64
p/1635006738309.jpg 1 0 0 50 66
p/1635006735039.jpg 1 0 0 41 55
p/1635006731100.jpg 1 0 0 51 69
p/1635006725328.jpg 1 0 0 48 64
p/1635006720150.jpg 1 0 0 55 73
p/1635006715612.jpg 1 0 0 50 66
p/1635006711497.jpg 1 0 0 60 80
p/1635006707499.jpg 1 0 0 70 94
p/1635006703138.jpg 1 0 0 53 71
p/1635006698907.jpg 1 0 0 60 80
p/1635006695364.jpg 1 0 0 63 85
p/1635006689469.jpg 1 0 0 65 87
p/1635006686626.jpg 1 0 0 58 78
p/1635006684007.jpg 1 0 0 79 105
p/1635006680416.jpg 1 0 0 53 71
p/1635006676509.jpg 1 0 0 51 69
p/1635006671144.jpg 1 0 0 57 75
p/1635006667149.jpg 1 0 0 51 69
p/1635006664050.jpg 1 0 0 74 98
p/1635006660419.jpg 1 0 0 67 89
p/1635006655531.jpg 1 0 0 77 103
p/1635006651899.jpg 1 0 0 82 110
p/1635006646527.jpg 1 0 0 124 165
p/1635006634834.jpg 1 0 0 58 78
p/1635006629651.jpg 1 0 0 69 91
p/1635006625089.jpg 1 0 0 67 89
p/1635006548118.jpg 1 0 0 67 89
p/1635006538045.jpg 1 0 0 94 126
p/1635006527399.jpg 1 0 0 70 94
p/1635006521567.jpg 1 0 0 69 91
p/1635006515208.jpg 1 0 0 55 73
p/1635006508395.jpg 1 0 0 75 101
p/1635006500517.jpg 1 0 0 96 128
p/1635006494128.jpg 1 0 0 57 75
p/1635006489010.jpg 1 0 0 74 98
p/1635006482576.jpg 1 0 0 118 158
p/1635006477089.jpg 1 0 0 99 133
p/1635006470310.jpg 1 0 0 141 188
p/1635006399852.jpg 1 0 0 86 114
p/1635006391276.jpg 1 0 0 69 91
p/1635006381409.jpg 1 0 0 74 98
p/1635006358399.jpg 1 0 0 53 71
p/1635006353032.jpg 1 0 0 72 96
p/1635006348381.jpg 1 0 0 67 89
p/1635006343209.jpg 1 0 0 60 80
p/1635006327155.jpg 1 0 0 58 78
p/1635006314065.jpg 1 0 0 105 140
p/1635006309874.jpg 1 0 0 93 124
p/1635006299834.jpg 1 0 0 50 66
p/1635006293329.jpg 1 0 0 117 156
p/1635006281825.jpg 1 0 0 53 71
p/1635006275970.jpg 1 0 0 82 110
p/1635006264624.jpg 1 0 0 82 110
p/1635006246510.jpg 1 0 0 103 137
p/1635006150721.jpg 1 0 0 67 89
p/1635006112435.jpg 1 0 0 105 140
p/1635006086149.jpg 1 0 0 113 151
p/1635006080039.jpg 1 0 0 94 126
p/1635006032498.jpg 1 0 0 81 107
p/1635006015146.jpg 1 0 0 86 114
p/1635005996460.jpg 1 0 0 79 105
p/1635005914699.jpg 1 0 0 86 114
p/1635005910551.jpg 1 0 0 65 87
p/1635005901626.jpg 1 0 0 46 61
p/1635005887005.jpg 1 0 0 41 55
p/1635005845335.jpg 1 0 0 39 52
p/1635005794752.jpg 1 0 0 96 128
p/1635005777092.jpg 1 0 0 46 61
p/1635005768589.jpg 1 0 0 48 64
p/1635005752869.jpg 1 0 0 53 71
p/1635005743477.jpg 1 0 0 57 76
p/1635005738468.jpg 1 0 0 61 81
p/1635005725675.jpg 1 0 0 41 55
p/1635005717071.jpg 1 0 0 35 47
p/1635005684896.jpg 1 0 0 37 49
p/1635005646192.jpg 1 0 0 67 89
p/1635005634082.jpg 1 0 0 48 64
p/1635005620915.jpg 1 0 0 53 71
p/1635005608664.jpg 1 0 0 57 76
p/1635005604192.jpg 1 0 0 60 80
p/1635005600669.jpg 1 0 0 46 61
p/1635005597254.jpg 1 0 0 34 45
p/1635005574581.jpg 1 0 0 35 47
p/1635005536545.jpg 1 0 0 38 51
p/1635005518215.jpg 1 0 0 39 52
p/1635005493075.jpg 1 0 0 42 56
p/1635005472810.jpg 1 0 0 53 71
p/1635005407116.jpg 1 0 0 53 71
p/1635005401852.jpg 1 0 0 43 57
p/1635005391869.jpg 1 0 0 57 76
p/1635005377733.jpg 1 0 0 47 63
p/1635005366264.jpg 1 0 0 43 57
p/1635005362545.jpg 1 0 0 42 56
p/1635005352834.jpg 1 0 0 42 56
p/1635005349217.jpg 1 0 0 46 61
p/1635005322125.jpg 1 0 0 56 75
p/1635005306949.jpg 1 0 0 52 69
p/1635005302012.jpg 1 0 0 43 57
p/1635005293821.jpg 1 0 0 39 52
p/1635005249840.jpg 1 0 0 51 68
p/1635005242169.jpg 1 0 0 46 61
p/1635005236984.jpg 1 0 0 39 52
p/1635005232036.jpg 1 0 0 51 68
p/1635005222880.jpg 1 0 0 55 73
p/1635005218798.jpg 1 0 0 36 48
p/1635004761498.jpg 1 0 0 35 47
p/1635004758302.jpg 1 0 0 34 45
p/1635004746638.jpg 1 0 0 34 45
p/1635004729865.jpg 1 0 0 45 60
p/1635004702187.jpg 1 0 0 65 87
p/1635004694854.jpg 1 0 0 57 76
p/1635004689692.jpg 1 0 0 39 52
p/1635004676791.jpg 1 0 0 55 73
p/1635004672131.jpg 1 0 0 42 56
p/1635004638615.jpg 1 0 0 35 47
p/1635004634766.jpg 1 0 0 35 47
p/1635004630424.jpg 1 0 0 35 47
p/1635004616344.jpg 1 0 0 42 56
p/1635004611302.jpg 1 0 0 49 65
p/1635004607962.jpg 1 0 0 33 44
p/1635004603975.jpg 1 0 0 35 47
p/1635004599206.jpg 1 0 0 27 36
p/1635004594107.jpg 1 0 0 49 65
p/1635004590695.jpg 1 0 0 41 55
p/1635004580135.jpg 1 0 0 54 72
p/1635004576142.jpg 1 0 0 45 60